2019-09-02 16:25:34,180 DEBUG MissionPlanner.Utilities.ThemeManager - Theme set to None (:0) [1]
2019-09-02 16:26:17,085  INFO MissionPlanner.Sikradio - Connect btr 4 baud 57600 (:0) [1]
2019-09-02 16:26:17,096  INFO MissionPlanner.Sikradio - Connect first response OK
 4 (:0) [1]
2019-09-02 16:26:17,104  INFO MissionPlanner.Sikradio - Doing Command AT&T (:0) [1]
2019-09-02 16:26:18,114  INFO MissionPlanner.Sikradio - Doing Command AT&T (:0) [1]
2019-09-02 16:26:19,123  INFO MissionPlanner.Sikradio -  (:0) [1]
2019-09-02 16:26:19,123  INFO MissionPlanner.Sikradio - Doing Command ATI (:0) [1]
2019-09-02 16:26:19,131  INFO MissionPlanner.Sikradio - SiK 1.9 on HM-TRP
 (:0) [1]
2019-09-02 16:26:19,131  INFO MissionPlanner.Sikradio - Connect Version: SiK 1.9 on HM-TRP
 (:0) [1]
2019-09-02 16:26:19,133  INFO MissionPlanner.Sikradio - Doing Command AT&T (:0) [1]
2019-09-02 16:26:20,146  INFO MissionPlanner.Sikradio - Doing Command AT&T (:0) [1]
2019-09-02 16:26:21,155  INFO MissionPlanner.Sikradio -  (:0) [1]
2019-09-02 16:26:21,155  INFO MissionPlanner.Sikradio - Doing Command ATI (:0) [1]
2019-09-02 16:26:21,164  INFO MissionPlanner.Sikradio - SiK 1.9 on HM-TRP
 (:0) [1]
2019-09-02 16:26:21,165  INFO MissionPlanner.Sikradio - Doing Command ATI3 (:0) [1]
2019-09-02 16:26:21,179  INFO MissionPlanner.Sikradio - 67
 (:0) [1]
2019-09-02 16:26:21,181  INFO MissionPlanner.Sikradio - Doing Command ATI2 (:0) [1]
2019-09-02 16:26:21,195  INFO MissionPlanner.Sikradio - 78
 (:0) [1]
2019-09-02 16:26:21,360  INFO MissionPlanner.Sikradio - Doing Command AT&E? (:0) [1]
2019-09-02 16:26:21,372  INFO MissionPlanner.Sikradio - ERROR
 (:0) [1]
2019-09-02 16:26:21,376  INFO MissionPlanner.Sikradio - Doing Command ATI7 (:0) [1]
2019-09-02 16:26:21,404  INFO MissionPlanner.Sikradio - L/R RSSI: 45/0  L/R noise: 51/0 pkts: 0  txe=0 rxe=0 stx=0 srx=0 ecc=0/0 temp=-276 dco=0
 (:0) [1]
2019-09-02 16:26:21,405  INFO MissionPlanner.Sikradio - Doing Command ATI5 (:0) [1]
2019-09-02 16:26:22,473  INFO MissionPlanner.Sikradio - S0:FORMAT=25
S1:SERIAL_SPEED=57
S2:AIR_SPEED=64
S3:NETID=25
S4:TXPOWER=11
S5:ECC=1
S6:MAVLINK=1
S7:OPPRESEND=1
S8:MIN_FREQ=433050
S9:MAX_FREQ=434790
S10:NUM_CHANNELS=10
S11:DUTY_CYCLE=100
S12:LBT_RSSI=0
S13:MANCHESTER=0
S14:RTSCTS=0
S15:MAX_WINDOW=131
 (:0) [1]
2019-09-02 16:26:22,501  INFO MissionPlanner.Sikradio - Doing Command RTI (:0) [1]
2019-09-02 16:26:23,506  INFO MissionPlanner.Sikradio - Doing Command RTI (:0) [1]
2019-09-02 16:26:24,516  INFO MissionPlanner.Sikradio -  (:0) [1]
2019-09-02 16:26:24,516  INFO MissionPlanner.Sikradio - Doing Command RTI2 (:0) [1]
2019-09-02 16:26:25,524  INFO MissionPlanner.Sikradio - Doing Command RTI2 (:0) [1]
2019-09-02 16:26:26,533  INFO MissionPlanner.Sikradio -  (:0) [1]
2019-09-02 16:26:26,533  INFO MissionPlanner.Sikradio - Doing Command RT&E? (:0) [1]
2019-09-02 16:26:27,541  INFO MissionPlanner.Sikradio - Doing Command RT&E? (:0) [1]
2019-09-02 16:26:28,549  INFO MissionPlanner.Sikradio -  (:0) [1]
2019-09-02 16:26:28,549  INFO MissionPlanner.Sikradio - Doing Command RTI5 (:0) [1]
2019-09-02 16:26:29,558  INFO MissionPlanner.Sikradio -  (:0) [1]
2019-09-02 16:26:29,558  INFO MissionPlanner.Sikradio - Odd config line : (:0) [1]
2019-09-02 16:26:29,559  INFO MissionPlanner.Sikradio - Doing Command ATO (:0) [1]
2019-09-02 16:26:30,566  INFO MissionPlanner.Sikradio - Doing Command ATO (:0) [1]
2019-09-02 16:26:31,567  INFO MissionPlanner.Comms.SerialPort - Closing port COM5 (:0) [1]
2019-09-02 16:27:10,218  INFO MissionPlanner.Sikradio - Connect btr 4 baud 57600 (:0) [1]
2019-09-02 16:27:10,221  INFO MissionPlanner.Sikradio - Connect first response OK
 4 (:0) [1]
2019-09-02 16:27:10,224  INFO MissionPlanner.Sikradio - Doing Command AT&T (:0) [1]
2019-09-02 16:27:11,238  INFO MissionPlanner.Sikradio - Doing Command AT&T (:0) [1]
2019-09-02 16:27:12,245  INFO MissionPlanner.Sikradio -  (:0) [1]
2019-09-02 16:27:12,245  INFO MissionPlanner.Sikradio - Doing Command ATI (:0) [1]
2019-09-02 16:27:12,254  INFO MissionPlanner.Sikradio - SiK 1.9 on HM-TRP
 (:0) [1]
2019-09-02 16:27:12,254  INFO MissionPlanner.Sikradio - Connect Version: SiK 1.9 on HM-TRP
 (:0) [1]
2019-09-02 16:27:12,255  INFO MissionPlanner.Sikradio - Doing Command AT&T (:0) [1]
2019-09-02 16:27:13,269  INFO MissionPlanner.Sikradio - Doing Command AT&T (:0) [1]
2019-09-02 16:27:14,277  INFO MissionPlanner.Sikradio -  (:0) [1]
2019-09-02 16:27:14,277  INFO MissionPlanner.Sikradio - Doing Command ATI5 (:0) [1]
2019-09-02 16:27:15,342  INFO MissionPlanner.Sikradio - S0:FORMAT=25
S1:SERIAL_SPEED=57
S2:AIR_SPEED=64
S3:NETID=25
S4:TXPOWER=11
S5:ECC=1
S6:MAVLINK=1
S7:OPPRESEND=1
S8:MIN_FREQ=433050
S9:MAX_FREQ=434790
S10:NUM_CHANNELS=10
S11:DUTY_CYCLE=100
S12:LBT_RSSI=0
S13:MANCHESTER=0
S14:RTSCTS=0
S15:MAX_WINDOW=131
 (:0) [1]
2019-09-02 16:27:15,345  INFO MissionPlanner.Sikradio - Doing Command ATS4=20 (:0) [1]
2019-09-02 16:27:15,359  INFO MissionPlanner.Sikradio - OK
 (:0) [1]
2019-09-02 16:27:15,360  INFO MissionPlanner.Sikradio - Doing Command AT&W (:0) [1]
2019-09-02 16:27:15,407  INFO MissionPlanner.Sikradio - OK
 (:0) [1]
2019-09-02 16:27:15,408  INFO MissionPlanner.Sikradio - Doing Command ATZ (:0) [1]
2019-09-02 16:27:17,410  INFO MissionPlanner.Sikradio - Doing Command ATZ (:0) [1]
2019-09-02 16:27:18,410  INFO MissionPlanner.Comms.SerialPort - Closing port COM5 (:0) [1]
2019-09-02 16:28:35,128  INFO MissionPlanner.Sikradio - Connect btr 4 baud 57600 (:0) [1]
2019-09-02 16:28:35,129  INFO MissionPlanner.Sikradio - Connect first response OK
 4 (:0) [1]
2019-09-02 16:28:35,129  INFO MissionPlanner.Sikradio - Doing Command AT&T (:0) [1]
2019-09-02 16:28:36,130  INFO MissionPlanner.Sikradio - Doing Command AT&T (:0) [1]
2019-09-02 16:28:37,143  INFO MissionPlanner.Sikradio -  (:0) [1]
2019-09-02 16:28:37,144  INFO MissionPlanner.Sikradio - Doing Command ATI (:0) [1]
2019-09-02 16:28:37,152  INFO MissionPlanner.Sikradio - SiK 1.9 on HM-TRP
 (:0) [1]
2019-09-02 16:28:37,152  INFO MissionPlanner.Sikradio - Connect Version: SiK 1.9 on HM-TRP
 (:0) [1]
2019-09-02 16:28:37,153  INFO MissionPlanner.Sikradio - Doing Command AT&T (:0) [1]
2019-09-02 16:28:38,168  INFO MissionPlanner.Sikradio - Doing Command AT&T (:0) [1]
2019-09-02 16:28:39,176  INFO MissionPlanner.Sikradio -  (:0) [1]
2019-09-02 16:28:39,176  INFO MissionPlanner.Sikradio - Doing Command ATI (:0) [1]
2019-09-02 16:28:39,185  INFO MissionPlanner.Sikradio - SiK 1.9 on HM-TRP
 (:0) [1]
2019-09-02 16:28:39,185  INFO MissionPlanner.Sikradio - Doing Command ATI3 (:0) [1]
2019-09-02 16:28:39,200  INFO MissionPlanner.Sikradio - 67
 (:0) [1]
2019-09-02 16:28:39,201  INFO MissionPlanner.Sikradio - Doing Command ATI2 (:0) [1]
2019-09-02 16:28:39,216  INFO MissionPlanner.Sikradio - 78
 (:0) [1]
2019-09-02 16:28:39,353  INFO MissionPlanner.Sikradio - Doing Command AT&E? (:0) [1]
2019-09-02 16:28:39,361  INFO MissionPlanner.Sikradio - ERROR
 (:0) [1]
2019-09-02 16:28:39,362  INFO MissionPlanner.Sikradio - Doing Command ATI7 (:0) [1]
2019-09-02 16:28:39,393  INFO MissionPlanner.Sikradio - L/R RSSI: 50/0  L/R noise: 56/0 pkts: 0  txe=0 rxe=0 stx=0 srx=0 ecc=0/0 temp=-276 dco=0
 (:0) [1]
2019-09-02 16:28:39,393  INFO MissionPlanner.Sikradio - Doing Command ATI5 (:0) [1]
2019-09-02 16:28:40,460  INFO MissionPlanner.Sikradio - S0:FORMAT=25
S1:SERIAL_SPEED=57
S2:AIR_SPEED=64
S3:NETID=25
S4:TXPOWER=20
S5:ECC=1
S6:MAVLINK=1
S7:OPPRESEND=1
S8:MIN_FREQ=433050
S9:MAX_FREQ=434790
S10:NUM_CHANNELS=10
S11:DUTY_CYCLE=100
S12:LBT_RSSI=0
S13:MANCHESTER=0
S14:RTSCTS=0
S15:MAX_WINDOW=131
 (:0) [1]
2019-09-02 16:28:40,469  INFO MissionPlanner.Sikradio - Doing Command RTI (:0) [1]
2019-09-02 16:28:41,478  INFO MissionPlanner.Sikradio - Doing Command RTI (:0) [1]
2019-09-02 16:28:42,487  INFO MissionPlanner.Sikradio -  (:0) [1]
2019-09-02 16:28:42,487  INFO MissionPlanner.Sikradio - Doing Command RTI2 (:0) [1]
2019-09-02 16:28:43,495  INFO MissionPlanner.Sikradio - Doing Command RTI2 (:0) [1]
2019-09-02 16:28:44,503  INFO MissionPlanner.Sikradio -  (:0) [1]
2019-09-02 16:28:44,503  INFO MissionPlanner.Sikradio - Doing Command RT&E? (:0) [1]
2019-09-02 16:28:45,512  INFO MissionPlanner.Sikradio - Doing Command RT&E? (:0) [1]
2019-09-02 16:28:46,521  INFO MissionPlanner.Sikradio -  (:0) [1]
2019-09-02 16:28:46,521  INFO MissionPlanner.Sikradio - Doing Command RTI5 (:0) [1]
2019-09-02 16:28:47,529  INFO MissionPlanner.Sikradio -  (:0) [1]
2019-09-02 16:28:47,529  INFO MissionPlanner.Sikradio - Odd config line : (:0) [1]
2019-09-02 16:28:47,530  INFO MissionPlanner.Sikradio - Doing Command ATO (:0) [1]
2019-09-02 16:28:48,538  INFO MissionPlanner.Sikradio - Doing Command ATO (:0) [1]
2019-09-02 16:28:49,538  INFO MissionPlanner.Comms.SerialPort - Closing port COM5 (:0) [1]
